2025-02-04 16:14:11,944 - INFO - ✅ CSV file '../data/DoctorsET_data.csv' loaded successfully.
2025-02-04 16:14:40,375 - INFO - ✅ CSV file '../data/scraped_data.csv' loaded successfully.
2025-02-04 16:14:53,342 - INFO - ✅ Duplicates removed from dataset.
2025-02-04 16:14:53,367 - INFO - ✅ Date column formatted to datetime.
2025-02-04 16:14:53,378 - INFO - ✅ Missing values filled.
2025-02-04 16:14:53,400 - INFO - ✅ Text columns standardized.
2025-02-04 16:14:53,465 - INFO - ✅ Emojis extracted and stored in 'emoji_used' column.
2025-02-04 16:14:53,600 - INFO - ✅ YouTube links extracted and stored in 'youtube_links' column.
2025-02-04 16:14:53,615 - INFO - ✅ Data cleaning completed successfully.
2025-02-04 16:15:29,070 - INFO - ✅ Duplicates removed from dataset.
2025-02-04 16:15:29,088 - INFO - ✅ Date column formatted to datetime.
2025-02-04 16:15:29,103 - INFO - ✅ Missing values filled.
2025-02-04 16:15:29,138 - INFO - ✅ Text columns standardized.
2025-02-04 16:15:29,207 - INFO - ✅ Emojis extracted and stored in 'emoji_used' column.
2025-02-04 16:15:29,377 - INFO - ✅ YouTube links extracted and stored in 'youtube_links' column.
2025-02-04 16:15:29,437 - INFO - ✅ Data cleaning completed successfully.
2025-02-04 16:16:27,777 - INFO - ✅ Duplicates removed from dataset.
2025-02-04 16:16:27,802 - INFO - ✅ Date column formatted to datetime.
2025-02-04 16:16:27,810 - INFO - ✅ Missing values filled.
2025-02-04 16:16:27,843 - INFO - ✅ Text columns standardized.
2025-02-04 16:16:27,919 - INFO - ✅ Emojis extracted and stored in 'emoji_used' column.
2025-02-04 16:16:28,052 - INFO - ✅ YouTube links extracted and stored in 'youtube_links' column.
2025-02-04 16:16:28,068 - INFO - ✅ Data cleaning completed successfully.
2025-02-04 16:16:50,491 - INFO - ✅ Cleaned data saved successfully to '../data/cleaned_telegram_data.csv'.
2025-02-04 16:17:01,086 - INFO - ✅ Successfully connected to the PostgreSQL database.
2025-02-04 16:17:04,699 - INFO - ✅ Table 'telegram_messages' created successfully.
2025-02-04 16:21:50,340 - INFO - Inserting: 864 - 2023-12-18 17:04:02+00:00
2025-02-04 16:21:50,348 - INFO - Inserting: 863 - 2023-11-03 16:14:39+00:00
2025-02-04 16:21:50,356 - INFO - Inserting: 862 - 2023-10-02 16:37:39+00:00
2025-02-04 16:21:50,364 - INFO - Inserting: 861 - 2023-09-16 07:54:32+00:00
2025-02-04 16:21:50,364 - INFO - Inserting: 860 - 2023-09-01 16:16:15+00:00
2025-02-04 16:21:50,372 - INFO - Inserting: 859 - 2023-08-29 17:20:05+00:00
2025-02-04 16:21:50,372 - INFO - Inserting: 848 - 2022-08-02 17:42:08+00:00
2025-02-04 16:21:50,380 - INFO - Inserting: 847 - 2022-06-12 17:15:47+00:00
2025-02-04 16:21:50,380 - INFO - Inserting: 846 - 2022-05-31 17:51:13+00:00
2025-02-04 16:21:50,380 - INFO - Inserting: 845 - 2022-05-20 18:04:53+00:00
2025-02-04 16:21:50,388 - INFO - Inserting: 844 - 2022-05-15 15:59:10+00:00
2025-02-04 16:21:50,396 - INFO - Inserting: 843 - 2022-05-07 18:22:14+00:00
2025-02-04 16:21:50,396 - INFO - Inserting: 842 - 2022-05-06 17:51:05+00:00
2025-02-04 16:21:50,404 - INFO - Inserting: 841 - 2022-05-06 17:51:05+00:00
2025-02-04 16:21:50,404 - INFO - Inserting: 840 - 2022-05-06 17:51:05+00:00
2025-02-04 16:21:50,412 - INFO - Inserting: 839 - 2022-05-06 17:51:05+00:00
2025-02-04 16:21:50,412 - INFO - Inserting: 836 - 2022-05-01 11:13:33+00:00
2025-02-04 16:21:50,420 - INFO - Inserting: 835 - 2022-04-29 18:59:05+00:00
2025-02-04 16:21:50,420 - INFO - Inserting: 834 - 2022-04-29 18:57:35+00:00
2025-02-04 16:21:50,428 - INFO - Inserting: 833 - 2022-04-28 05:46:38+00:00
2025-02-04 16:21:50,428 - INFO - Inserting: 832 - 2022-04-28 05:46:38+00:00
2025-02-04 16:21:50,436 - INFO - Inserting: 831 - 2022-04-28 05:46:38+00:00
2025-02-04 16:21:50,436 - INFO - Inserting: 830 - 2022-04-28 05:46:38+00:00
2025-02-04 16:21:50,444 - INFO - Inserting: 829 - 2022-04-24 17:11:09+00:00
2025-02-04 16:21:50,452 - INFO - Inserting: 828 - 2022-04-22 18:55:31+00:00
2025-02-04 16:21:50,452 - INFO - Inserting: 827 - 2022-04-22 17:51:05+00:00
2025-02-04 16:21:50,460 - INFO - Inserting: 826 - 2022-04-22 17:51:05+00:00
2025-02-04 16:21:50,460 - INFO - Inserting: 825 - 2022-04-22 17:51:04+00:00
2025-02-04 16:21:50,468 - INFO - Inserting: 824 - 2022-04-22 17:51:04+00:00
2025-02-04 16:21:50,468 - INFO - Inserting: 823 - 2022-04-22 17:51:04+00:00
2025-02-04 16:21:50,468 - INFO - Inserting: 822 - 2022-04-22 17:51:04+00:00
2025-02-04 16:21:50,476 - INFO - Inserting: 821 - 2022-04-19 17:38:05+00:00
2025-02-04 16:21:50,476 - INFO - Inserting: 820 - 2022-04-15 18:06:19+00:00
2025-02-04 16:21:50,484 - INFO - Inserting: 819 - 2022-04-15 18:06:19+00:00
2025-02-04 16:21:50,484 - INFO - Inserting: 818 - 2022-04-15 18:06:19+00:00
2025-02-04 16:21:50,492 - INFO - Inserting: 817 - 2022-04-14 04:14:11+00:00
2025-02-04 16:21:50,492 - INFO - Inserting: 815 - 2022-04-12 18:01:18+00:00
2025-02-04 16:21:50,508 - INFO - Inserting: 814 - 2022-04-08 17:07:21+00:00
2025-02-04 16:21:50,508 - INFO - Inserting: 813 - 2022-04-08 17:07:21+00:00
2025-02-04 16:21:50,516 - INFO - Inserting: 812 - 2022-04-08 17:07:21+00:00
2025-02-04 16:21:50,532 - INFO - Inserting: 811 - 2022-04-08 17:07:21+00:00
2025-02-04 16:21:50,540 - INFO - Inserting: 810 - 2022-04-07 04:24:11+00:00
2025-02-04 16:21:50,548 - INFO - Inserting: 809 - 2022-04-07 04:24:11+00:00
2025-02-04 16:21:50,548 - INFO - Inserting: 808 - 2022-04-07 04:24:11+00:00
2025-02-04 16:21:50,556 - INFO - Inserting: 807 - 2022-04-07 04:24:11+00:00
2025-02-04 16:21:50,556 - INFO - Inserting: 805 - 2022-04-03 16:15:29+00:00
2025-02-04 16:21:50,556 - INFO - Inserting: 804 - 2022-04-02 06:06:36+00:00
2025-02-04 16:21:50,564 - INFO - Inserting: 802 - 2022-04-01 17:02:54+00:00
2025-02-04 16:21:50,564 - INFO - Inserting: 801 - 2022-04-01 17:02:54+00:00
2025-02-04 16:21:50,572 - INFO - Inserting: 800 - 2022-04-01 17:02:54+00:00
2025-02-04 16:21:50,572 - INFO - Inserting: 799 - 2022-04-01 17:02:54+00:00
2025-02-04 16:21:50,580 - INFO - Inserting: 798 - 2022-04-01 17:02:54+00:00
2025-02-04 16:21:50,580 - INFO - Inserting: 797 - 2022-03-26 17:46:39+00:00
2025-02-04 16:21:50,580 - INFO - Inserting: 796 - 2022-03-25 17:21:06+00:00
2025-02-04 16:21:50,588 - INFO - Inserting: 795 - 2022-03-25 17:21:06+00:00
2025-02-04 16:21:50,596 - INFO - Inserting: 794 - 2022-03-25 17:21:06+00:00
2025-02-04 16:21:50,596 - INFO - Inserting: 793 - 2022-03-25 17:21:06+00:00
2025-02-04 16:21:50,596 - INFO - Inserting: 792 - 2022-03-25 17:21:06+00:00
2025-02-04 16:21:50,604 - INFO - Inserting: 791 - 2022-03-25 17:21:06+00:00
2025-02-04 16:21:50,604 - INFO - Inserting: 790 - 2022-03-19 16:57:52+00:00
2025-02-04 16:21:50,612 - INFO - Inserting: 789 - 2022-03-18 18:39:57+00:00
2025-02-04 16:21:50,612 - INFO - Inserting: 788 - 2022-03-18 18:39:57+00:00
2025-02-04 16:21:50,620 - INFO - Inserting: 787 - 2022-03-18 17:53:09+00:00
2025-02-04 16:21:50,620 - INFO - Inserting: 786 - 2022-03-18 17:53:09+00:00
2025-02-04 16:21:50,628 - INFO - Inserting: 785 - 2022-03-18 17:53:09+00:00
2025-02-04 16:21:50,628 - INFO - Inserting: 784 - 2022-03-18 17:53:09+00:00
2025-02-04 16:21:50,628 - INFO - Inserting: 783 - 2022-03-18 17:53:08+00:00
2025-02-04 16:21:50,636 - INFO - Inserting: 782 - 2022-03-15 17:57:48+00:00
2025-02-04 16:21:50,644 - INFO - Inserting: 781 - 2022-03-14 16:42:04+00:00
2025-02-04 16:21:50,644 - INFO - Inserting: 780 - 2022-03-09 17:35:30+00:00
2025-02-04 16:21:50,644 - INFO - Inserting: 779 - 2022-03-06 17:25:38+00:00
2025-02-04 16:21:50,652 - INFO - Inserting: 778 - 2022-03-04 18:27:46+00:00
2025-02-04 16:21:50,652 - INFO - Inserting: 777 - 2022-03-04 18:27:46+00:00
2025-02-04 16:21:50,660 - INFO - Inserting: 776 - 2022-03-04 18:27:46+00:00
2025-02-04 16:21:50,660 - INFO - Inserting: 775 - 2022-03-02 17:50:31+00:00
2025-02-04 16:21:50,668 - INFO - Inserting: 774 - 2022-02-25 18:57:34+00:00
2025-02-04 16:21:50,668 - INFO - Inserting: 773 - 2022-02-25 17:46:07+00:00
2025-02-04 16:21:50,676 - INFO - Inserting: 772 - 2022-02-25 17:46:07+00:00
2025-02-04 16:21:50,676 - INFO - Inserting: 771 - 2022-02-25 17:46:07+00:00
2025-02-04 16:21:50,692 - INFO - Inserting: 770 - 2022-02-25 17:46:07+00:00
2025-02-04 16:21:50,692 - INFO - Inserting: 769 - 2022-02-25 17:46:07+00:00
2025-02-04 16:21:50,700 - INFO - Inserting: 768 - 2022-02-25 17:46:07+00:00
2025-02-04 16:21:50,700 - INFO - Inserting: 767 - 2022-02-25 17:46:07+00:00
2025-02-04 16:21:50,708 - INFO - Inserting: 766 - 2022-02-25 17:46:06+00:00
2025-02-04 16:21:50,708 - INFO - Inserting: 765 - 2022-02-24 17:09:10+00:00
2025-02-04 16:21:50,716 - INFO - Inserting: 764 - 2022-02-18 16:56:56+00:00
2025-02-04 16:21:50,716 - INFO - Inserting: 763 - 2022-02-18 16:56:56+00:00
2025-02-04 16:21:50,724 - INFO - Inserting: 762 - 2022-02-18 16:56:56+00:00
2025-02-04 16:21:50,724 - INFO - Inserting: 761 - 2022-02-18 16:56:56+00:00
2025-02-04 16:21:50,724 - INFO - Inserting: 760 - 2022-02-18 16:56:55+00:00
2025-02-04 16:21:50,732 - INFO - Inserting: 759 - 2022-02-18 16:56:55+00:00
2025-02-04 16:21:50,732 - INFO - Inserting: 758 - 2022-02-17 17:29:28+00:00
2025-02-04 16:21:50,740 - INFO - Inserting: 757 - 2022-02-11 18:39:23+00:00
2025-02-04 16:21:50,748 - INFO - Inserting: 756 - 2022-02-11 17:23:23+00:00
2025-02-04 16:21:50,748 - INFO - Inserting: 755 - 2022-02-11 17:23:23+00:00
2025-02-04 16:21:50,756 - INFO - Inserting: 754 - 2022-02-11 17:23:23+00:00
2025-02-04 16:21:50,756 - INFO - Inserting: 753 - 2022-02-11 17:23:23+00:00
2025-02-04 16:21:50,772 - INFO - Inserting: 752 - 2022-02-08 18:21:30+00:00
2025-02-04 16:21:50,780 - INFO - Inserting: 751 - 2022-02-08 18:20:57+00:00
2025-02-04 16:21:50,780 - INFO - Inserting: 750 - 2022-02-05 04:59:06+00:00
2025-02-04 16:21:50,788 - INFO - Inserting: 97 - 2023-02-10 12:23:06+00:00
2025-02-04 16:21:50,788 - INFO - Inserting: 96 - 2023-02-02 08:58:52+00:00
2025-02-04 16:21:50,788 - INFO - Inserting: 95 - 2023-02-01 08:59:37+00:00
2025-02-04 16:21:50,796 - INFO - Inserting: 94 - 2023-01-31 09:19:53+00:00
2025-02-04 16:21:50,796 - INFO - Inserting: 93 - 2023-01-30 09:45:25+00:00
2025-02-04 16:21:50,804 - INFO - Inserting: 92 - 2023-01-27 07:18:40+00:00
2025-02-04 16:21:50,812 - INFO - Inserting: 91 - 2023-01-26 18:27:53+00:00
2025-02-04 16:21:50,812 - INFO - Inserting: 90 - 2023-01-23 10:39:20+00:00
2025-02-04 16:21:50,812 - INFO - Inserting: 89 - 2023-01-17 19:10:57+00:00
2025-02-04 16:21:50,820 - INFO - Inserting: 88 - 2023-01-17 08:43:12+00:00
2025-02-04 16:21:50,820 - INFO - Inserting: 87 - 2023-01-16 13:41:35+00:00
2025-02-04 16:21:50,836 - INFO - Inserting: 86 - 2023-01-16 10:13:42+00:00
2025-02-04 16:21:50,844 - INFO - Inserting: 85 - 2023-01-16 09:26:09+00:00
2025-02-04 16:21:50,844 - INFO - Inserting: 82 - 2023-01-13 12:48:47+00:00
2025-02-04 16:21:50,844 - INFO - Inserting: 81 - 2023-01-13 09:44:14+00:00
2025-02-04 16:21:50,860 - INFO - Inserting: 80 - 2023-01-06 16:06:21+00:00
2025-02-04 16:21:50,860 - INFO - Inserting: 79 - 2023-01-06 09:31:17+00:00
2025-02-04 16:21:50,868 - INFO - Inserting: 78 - 2023-01-06 06:05:01+00:00
2025-02-04 16:21:50,868 - INFO - Inserting: 77 - 2023-01-04 05:58:02+00:00
2025-02-04 16:21:50,876 - INFO - Inserting: 76 - 2023-01-03 17:49:48+00:00
2025-02-04 16:21:50,876 - INFO - Inserting: 75 - 2023-01-03 05:48:34+00:00
2025-02-04 16:21:50,876 - INFO - Inserting: 74 - 2023-01-02 07:02:55+00:00
2025-02-04 16:21:50,884 - INFO - Inserting: 73 - 2023-01-02 06:58:48+00:00
2025-02-04 16:21:50,884 - INFO - Inserting: 71 - 2022-12-30 15:45:35+00:00
2025-02-04 16:21:50,892 - INFO - Inserting: 70 - 2022-12-28 17:02:08+00:00
2025-02-04 16:21:50,892 - INFO - Inserting: 67 - 2022-12-28 06:31:50+00:00
2025-02-04 16:21:50,900 - INFO - Inserting: 64 - 2022-12-27 17:06:32+00:00
2025-02-04 16:21:50,900 - INFO - Inserting: 62 - 2022-12-25 15:46:05+00:00
2025-02-04 16:21:50,908 - INFO - Inserting: 60 - 2022-12-23 06:26:15+00:00
2025-02-04 16:21:50,916 - INFO - Inserting: 59 - 2022-12-22 06:40:25+00:00
2025-02-04 16:21:50,932 - INFO - Inserting: 58 - 2022-12-22 03:11:26+00:00
2025-02-04 16:21:50,932 - INFO - Inserting: 57 - 2022-12-21 15:13:27+00:00
2025-02-04 16:21:50,939 - INFO - Inserting: 56 - 2022-12-20 17:25:05+00:00
2025-02-04 16:21:50,947 - INFO - Inserting: 55 - 2022-12-20 11:28:59+00:00
2025-02-04 16:21:50,955 - INFO - Inserting: 53 - 2022-12-20 07:41:33+00:00
2025-02-04 16:21:50,955 - INFO - Inserting: 52 - 2022-12-16 12:21:01+00:00
2025-02-04 16:21:50,955 - INFO - Inserting: 51 - 2022-12-15 06:16:41+00:00
2025-02-04 16:21:50,963 - INFO - Inserting: 50 - 2022-12-13 05:55:18+00:00
2025-02-04 16:21:50,963 - INFO - Inserting: 49 - 2022-12-09 12:28:53+00:00
2025-02-04 16:21:50,972 - INFO - Inserting: 48 - 2022-12-09 04:09:49+00:00
2025-02-04 16:21:50,972 - INFO - Inserting: 46 - 2022-12-07 06:43:48+00:00
2025-02-04 16:21:50,979 - INFO - Inserting: 45 - 2022-12-05 05:57:22+00:00
2025-02-04 16:21:50,979 - INFO - Inserting: 44 - 2022-12-04 12:35:18+00:00
2025-02-04 16:21:50,987 - INFO - Inserting: 43 - 2022-12-02 13:44:41+00:00
2025-02-04 16:21:50,987 - INFO - Inserting: 41 - 2022-12-02 06:06:12+00:00
2025-02-04 16:21:50,995 - INFO - Inserting: 40 - 2022-12-01 06:47:22+00:00
2025-02-04 16:21:50,995 - INFO - Inserting: 39 - 2022-11-30 06:31:44+00:00
2025-02-04 16:21:50,995 - INFO - Inserting: 38 - 2022-11-29 07:43:06+00:00
2025-02-04 16:21:51,003 - INFO - Inserting: 34 - 2022-11-22 08:15:47+00:00
2025-02-04 16:21:51,003 - INFO - Inserting: 33 - 2022-11-15 11:51:16+00:00
2025-02-04 16:21:51,011 - INFO - Inserting: 32 - 2022-11-15 08:17:41+00:00
2025-02-04 16:21:51,011 - INFO - Inserting: 31 - 2022-11-15 05:24:41+00:00
2025-02-04 16:21:51,019 - INFO - Inserting: 30 - 2022-11-09 08:53:25+00:00
2025-02-04 16:21:51,019 - INFO - Inserting: 29 - 2022-10-29 20:26:28+00:00
2025-02-04 16:21:51,027 - INFO - Inserting: 27 - 2022-10-28 09:15:09+00:00
2025-02-04 16:21:51,027 - INFO - Inserting: 26 - 2022-10-28 06:49:36+00:00
2025-02-04 16:21:51,027 - INFO - Inserting: 25 - 2022-10-24 09:34:19+00:00
2025-02-04 16:21:51,035 - INFO - Inserting: 23 - 2022-10-20 12:24:01+00:00
2025-02-04 16:21:51,035 - INFO - Inserting: 22 - 2022-10-18 07:57:36+00:00
2025-02-04 16:21:51,043 - INFO - Inserting: 21 - 2022-10-17 14:02:40+00:00
2025-02-04 16:21:51,043 - INFO - Inserting: 20 - 2022-10-12 14:14:52+00:00
2025-02-04 16:21:51,051 - INFO - Inserting: 19 - 2022-10-12 14:14:19+00:00
2025-02-04 16:21:51,051 - INFO - Inserting: 18 - 2022-10-06 09:23:46+00:00
2025-02-04 16:21:51,059 - INFO - Inserting: 17 - 2022-10-03 05:16:30+00:00
2025-02-04 16:21:51,059 - INFO - Inserting: 15 - 2022-09-30 07:33:42+00:00
2025-02-04 16:21:51,067 - INFO - Inserting: 14 - 2022-09-28 05:45:31+00:00
2025-02-04 16:21:51,067 - INFO - Inserting: 13 - 2022-09-16 07:42:31+00:00
2025-02-04 16:21:51,075 - INFO - Inserting: 11 - 2022-09-10 15:55:25+00:00
2025-02-04 16:21:51,075 - INFO - Inserting: 10 - 2022-09-07 09:16:40+00:00
2025-02-04 16:21:51,083 - INFO - Inserting: 9 - 2022-09-06 04:26:15+00:00
2025-02-04 16:21:51,088 - INFO - Inserting: 7 - 2022-09-06 04:25:26+00:00
2025-02-04 16:21:51,088 - INFO - Inserting: 6 - 2022-09-05 10:02:48+00:00
2025-02-04 16:21:51,088 - INFO - Inserting: 4 - 2022-09-05 10:02:24+00:00
2025-02-04 16:21:51,097 - INFO - Inserting: 3 - 2022-09-05 10:02:05+00:00
2025-02-04 16:21:51,097 - INFO - Inserting: 2 - 2022-09-05 09:57:09+00:00
2025-02-04 16:21:51,107 - INFO - Inserting: 1 - 2022-09-05 08:35:59+00:00
2025-02-04 16:21:51,110 - INFO - Inserting: 15271 - 2025-02-03 14:57:15+00:00
2025-02-04 16:21:51,110 - INFO - Inserting: 15270 - 2025-02-03 13:49:39+00:00
2025-02-04 16:21:51,110 - INFO - Inserting: 15269 - 2025-02-03 13:49:39+00:00
2025-02-04 16:21:51,119 - INFO - Inserting: 15268 - 2025-02-03 13:35:38+00:00
2025-02-04 16:21:51,119 - INFO - Inserting: 15267 - 2025-02-03 13:17:53+00:00
2025-02-04 16:21:51,127 - INFO - Inserting: 15266 - 2025-02-03 13:17:53+00:00
2025-02-04 16:21:51,127 - INFO - Inserting: 15265 - 2025-02-03 04:25:31+00:00
2025-02-04 16:21:51,135 - INFO - Inserting: 15264 - 2025-02-03 04:25:31+00:00
2025-02-04 16:21:51,135 - INFO - Inserting: 15263 - 2025-02-03 04:25:31+00:00
2025-02-04 16:21:51,143 - INFO - Inserting: 15262 - 2025-02-03 04:25:31+00:00
2025-02-04 16:21:51,143 - INFO - Inserting: 15261 - 2025-02-03 04:25:31+00:00
2025-02-04 16:21:51,151 - INFO - Inserting: 15260 - 2025-02-03 04:25:31+00:00
2025-02-04 16:21:51,151 - INFO - Inserting: 15259 - 2025-02-03 04:25:31+00:00
2025-02-04 16:21:51,159 - INFO - Inserting: 15258 - 2025-02-03 04:25:31+00:00
2025-02-04 16:21:51,159 - INFO - Inserting: 15257 - 2025-02-02 08:39:40+00:00
2025-02-04 16:21:51,167 - INFO - Inserting: 15256 - 2025-02-02 08:39:40+00:00
2025-02-04 16:21:51,167 - INFO - Inserting: 15255 - 2025-02-02 08:39:40+00:00
2025-02-04 16:21:51,175 - INFO - Inserting: 15254 - 2025-02-02 08:39:40+00:00
2025-02-04 16:21:51,175 - INFO - Inserting: 15253 - 2025-02-02 08:39:40+00:00
2025-02-04 16:21:51,183 - INFO - Inserting: 15252 - 2025-02-02 08:39:40+00:00
2025-02-04 16:21:51,183 - INFO - Inserting: 15251 - 2025-02-02 08:39:40+00:00
2025-02-04 16:21:51,191 - INFO - Inserting: 15250 - 2025-02-02 08:39:40+00:00
2025-02-04 16:21:51,191 - INFO - Inserting: 15249 - 2025-02-02 08:39:39+00:00
2025-02-04 16:21:51,199 - INFO - Inserting: 15248 - 2025-02-02 08:39:39+00:00
2025-02-04 16:21:51,199 - INFO - Inserting: 15247 - 2025-02-02 08:39:39+00:00
2025-02-04 16:21:51,207 - INFO - Inserting: 15246 - 2025-02-02 08:39:39+00:00
2025-02-04 16:21:51,207 - INFO - Inserting: 15245 - 2025-02-02 08:39:39+00:00
2025-02-04 16:21:51,215 - INFO - Inserting: 15244 - 2025-02-02 08:39:39+00:00
2025-02-04 16:21:51,223 - INFO - Inserting: 15243 - 2025-02-02 08:39:39+00:00
2025-02-04 16:21:51,223 - INFO - Inserting: 15242 - 2025-02-02 08:39:39+00:00
2025-02-04 16:21:51,223 - INFO - Inserting: 15241 - 2025-02-01 12:21:27+00:00
2025-02-04 16:21:51,231 - INFO - Inserting: 15240 - 2025-02-01 12:21:27+00:00
2025-02-04 16:21:51,239 - INFO - Inserting: 15239 - 2025-02-01 12:21:27+00:00
2025-02-04 16:21:51,239 - INFO - Inserting: 15238 - 2025-02-01 12:21:27+00:00
2025-02-04 16:21:51,239 - INFO - Inserting: 15237 - 2025-02-01 12:21:27+00:00
2025-02-04 16:21:51,247 - INFO - Inserting: 15236 - 2025-02-01 12:21:27+00:00
2025-02-04 16:21:51,247 - INFO - Inserting: 15235 - 2025-02-01 06:06:33+00:00
2025-02-04 16:21:51,255 - INFO - Inserting: 15234 - 2025-02-01 06:06:33+00:00
2025-02-04 16:21:51,255 - INFO - Inserting: 15233 - 2025-02-01 06:06:33+00:00
2025-02-04 16:21:51,263 - INFO - Inserting: 15232 - 2025-02-01 06:06:33+00:00
2025-02-04 16:21:51,263 - INFO - Inserting: 15231 - 2025-02-01 06:06:33+00:00
2025-02-04 16:21:51,271 - INFO - Inserting: 15230 - 2025-02-01 06:06:33+00:00
2025-02-04 16:21:51,271 - INFO - Inserting: 15229 - 2025-02-01 06:06:33+00:00
2025-02-04 16:21:51,279 - INFO - Inserting: 15228 - 2025-02-01 06:06:33+00:00
2025-02-04 16:21:51,279 - INFO - Inserting: 15227 - 2025-02-01 06:06:33+00:00
2025-02-04 16:21:51,287 - INFO - Inserting: 15226 - 2025-02-01 06:06:33+00:00
2025-02-04 16:21:51,287 - INFO - Inserting: 15225 - 2025-02-01 06:06:33+00:00
2025-02-04 16:21:51,295 - INFO - Inserting: 15224 - 2025-02-01 06:06:33+00:00
2025-02-04 16:21:51,295 - INFO - Inserting: 15223 - 2025-02-01 06:06:33+00:00
2025-02-04 16:21:51,303 - INFO - Inserting: 15222 - 2025-02-01 06:06:33+00:00
2025-02-04 16:21:51,303 - INFO - Inserting: 15221 - 2025-02-01 06:06:33+00:00
2025-02-04 16:21:51,311 - INFO - Inserting: 15220 - 2025-02-01 06:06:33+00:00
2025-02-04 16:21:51,319 - INFO - Inserting: 15219 - 2025-02-01 06:06:33+00:00
2025-02-04 16:21:51,319 - INFO - Inserting: 15218 - 2025-02-01 06:06:33+00:00
2025-02-04 16:21:51,327 - INFO - Inserting: 15217 - 2025-02-01 06:06:33+00:00
2025-02-04 16:21:51,327 - INFO - Inserting: 15216 - 2025-02-01 06:06:33+00:00
2025-02-04 16:21:51,335 - INFO - Inserting: 15215 - 2025-02-01 06:06:33+00:00
2025-02-04 16:21:51,335 - INFO - Inserting: 15214 - 2025-02-01 06:06:33+00:00
2025-02-04 16:21:51,343 - INFO - Inserting: 15213 - 2025-02-01 06:06:33+00:00
2025-02-04 16:21:51,343 - INFO - Inserting: 15212 - 2025-02-01 06:06:33+00:00
2025-02-04 16:21:51,351 - INFO - Inserting: 15211 - 2025-02-01 06:06:33+00:00
2025-02-04 16:21:51,359 - INFO - Inserting: 15210 - 2025-02-01 06:06:33+00:00
2025-02-04 16:21:51,359 - INFO - Inserting: 15209 - 2025-02-01 06:06:32+00:00
2025-02-04 16:21:51,367 - INFO - Inserting: 15208 - 2025-01-31 12:40:44+00:00
2025-02-04 16:21:51,367 - INFO - Inserting: 15207 - 2025-01-31 12:40:44+00:00
2025-02-04 16:21:51,375 - INFO - Inserting: 15206 - 2025-01-31 12:40:44+00:00
2025-02-04 16:21:51,375 - INFO - Inserting: 15205 - 2025-01-31 12:40:44+00:00
2025-02-04 16:21:51,375 - INFO - Inserting: 15204 - 2025-01-31 12:40:44+00:00
2025-02-04 16:21:51,383 - INFO - Inserting: 15203 - 2025-01-31 12:40:44+00:00
2025-02-04 16:21:51,383 - INFO - Inserting: 15202 - 2025-01-31 12:40:44+00:00
2025-02-04 16:21:51,391 - INFO - Inserting: 15201 - 2025-01-31 12:40:44+00:00
2025-02-04 16:21:51,391 - INFO - Inserting: 15200 - 2025-01-31 05:30:28+00:00
2025-02-04 16:21:51,399 - INFO - Inserting: 15199 - 2025-01-31 05:30:28+00:00
2025-02-04 16:21:51,399 - INFO - Inserting: 15198 - 2025-01-31 05:30:28+00:00
2025-02-04 16:21:51,407 - INFO - Inserting: 15197 - 2025-01-31 05:30:28+00:00
2025-02-04 16:21:51,407 - INFO - Inserting: 15196 - 2025-01-31 05:30:28+00:00
2025-02-04 16:21:51,415 - INFO - Inserting: 15195 - 2025-01-31 05:30:28+00:00
2025-02-04 16:21:51,415 - INFO - Inserting: 15194 - 2025-01-31 05:30:28+00:00
2025-02-04 16:21:51,415 - INFO - Inserting: 15193 - 2025-01-31 05:30:28+00:00
2025-02-04 16:21:51,423 - INFO - Inserting: 15192 - 2025-01-30 14:11:12+00:00
2025-02-04 16:21:51,431 - INFO - Inserting: 15191 - 2025-01-30 14:11:11+00:00
2025-02-04 16:21:51,431 - INFO - Inserting: 15190 - 2025-01-30 14:11:11+00:00
2025-02-04 16:21:51,439 - INFO - Inserting: 15189 - 2025-01-30 14:11:11+00:00
2025-02-04 16:21:51,439 - INFO - Inserting: 15188 - 2025-01-30 13:04:17+00:00
2025-02-04 16:21:51,447 - INFO - Inserting: 15187 - 2025-01-30 13:04:01+00:00
2025-02-04 16:21:51,447 - INFO - Inserting: 15186 - 2025-01-30 09:07:32+00:00
2025-02-04 16:21:51,455 - INFO - Inserting: 15185 - 2025-01-30 09:07:32+00:00
2025-02-04 16:21:51,455 - INFO - Inserting: 15184 - 2025-01-30 06:32:30+00:00
2025-02-04 16:21:51,463 - INFO - Inserting: 15183 - 2025-01-30 06:32:30+00:00
2025-02-04 16:21:51,463 - INFO - Inserting: 15182 - 2025-01-30 06:32:30+00:00
2025-02-04 16:21:51,471 - INFO - Inserting: 15181 - 2025-01-30 06:32:30+00:00
2025-02-04 16:21:51,471 - INFO - Inserting: 15180 - 2025-01-30 06:32:30+00:00
2025-02-04 16:21:51,479 - INFO - Inserting: 15179 - 2025-01-30 06:32:30+00:00
2025-02-04 16:21:51,479 - INFO - Inserting: 15178 - 2025-01-30 06:32:30+00:00
2025-02-04 16:21:51,487 - INFO - Inserting: 15177 - 2025-01-30 06:32:30+00:00
2025-02-04 16:21:51,487 - INFO - Inserting: 15176 - 2025-01-30 06:32:30+00:00
2025-02-04 16:21:51,495 - INFO - Inserting: 15175 - 2025-01-30 06:32:30+00:00
2025-02-04 16:21:51,495 - INFO - Inserting: 15174 - 2025-01-30 06:32:30+00:00
2025-02-04 16:21:51,503 - INFO - Inserting: 15173 - 2025-01-30 06:32:30+00:00
2025-02-04 16:21:51,503 - INFO - Inserting: 15172 - 2025-01-30 06:32:30+00:00
2025-02-04 16:21:51,511 - INFO - Inserting: 1247 - 2025-01-22 09:50:47+00:00
2025-02-04 16:21:51,511 - INFO - Inserting: 1246 - 2025-01-22 09:50:46+00:00
2025-02-04 16:21:51,519 - INFO - Inserting: 1245 - 2025-01-22 09:50:46+00:00
2025-02-04 16:21:51,519 - INFO - Inserting: 1244 - 2025-01-07 03:35:34+00:00
2025-02-04 16:21:51,527 - INFO - Inserting: 1243 - 2025-01-07 03:35:26+00:00
2025-02-04 16:21:51,527 - INFO - Inserting: 1242 - 2024-12-16 07:08:46+00:00
2025-02-04 16:21:51,535 - INFO - Inserting: 1241 - 2024-12-13 06:49:28+00:00
2025-02-04 16:21:51,535 - INFO - Inserting: 1240 - 2024-12-12 03:02:57+00:00
2025-02-04 16:21:51,543 - INFO - Inserting: 1239 - 2024-12-11 15:11:40+00:00
2025-02-04 16:21:51,543 - INFO - Inserting: 1238 - 2024-12-10 09:39:25+00:00
2025-02-04 16:21:51,551 - INFO - Inserting: 1237 - 2024-12-10 09:39:24+00:00
2025-02-04 16:21:51,551 - INFO - Inserting: 1236 - 2024-12-10 09:39:24+00:00
2025-02-04 16:21:51,559 - INFO - Inserting: 1235 - 2024-12-10 09:39:23+00:00
2025-02-04 16:21:51,559 - INFO - Inserting: 1234 - 2024-12-08 08:17:20+00:00
2025-02-04 16:21:51,559 - INFO - Inserting: 1233 - 2024-12-07 13:42:13+00:00
2025-02-04 16:21:51,567 - INFO - Inserting: 1232 - 2024-12-03 10:26:03+00:00
2025-02-04 16:21:51,575 - INFO - Inserting: 1231 - 2024-12-03 10:26:03+00:00
2025-02-04 16:21:51,575 - INFO - Inserting: 1230 - 2024-12-01 15:49:16+00:00
2025-02-04 16:21:51,583 - INFO - Inserting: 1229 - 2024-12-01 15:49:15+00:00
2025-02-04 16:21:51,583 - INFO - Inserting: 1228 - 2024-12-01 15:49:15+00:00
2025-02-04 16:21:51,591 - INFO - Inserting: 1227 - 2024-12-01 15:49:15+00:00
2025-02-04 16:21:51,591 - INFO - Inserting: 1226 - 2024-12-01 15:49:14+00:00
2025-02-04 16:21:51,599 - INFO - Inserting: 1225 - 2024-11-30 06:57:54+00:00
2025-02-04 16:21:51,599 - INFO - Inserting: 1224 - 2024-11-30 06:57:53+00:00
2025-02-04 16:21:51,607 - INFO - Inserting: 1223 - 2024-11-30 06:57:53+00:00
2025-02-04 16:21:51,607 - INFO - Inserting: 1222 - 2024-11-30 06:57:52+00:00
2025-02-04 16:21:51,607 - INFO - Inserting: 1221 - 2024-11-26 04:28:12+00:00
2025-02-04 16:21:51,615 - INFO - Inserting: 1220 - 2024-11-24 04:55:57+00:00
2025-02-04 16:21:51,623 - INFO - Inserting: 1219 - 2024-11-24 04:55:48+00:00
2025-02-04 16:21:51,623 - INFO - Inserting: 1218 - 2024-11-24 04:55:48+00:00
2025-02-04 16:21:51,623 - INFO - Inserting: 1217 - 2024-11-24 04:55:47+00:00
2025-02-04 16:21:51,632 - INFO - Inserting: 1216 - 2024-11-24 04:55:47+00:00
2025-02-04 16:21:51,632 - INFO - Inserting: 1215 - 2024-11-24 04:55:46+00:00
2025-02-04 16:21:51,640 - INFO - Inserting: 1214 - 2024-11-14 04:50:53+00:00
2025-02-04 16:21:51,644 - INFO - Inserting: 1213 - 2024-11-14 04:50:53+00:00
2025-02-04 16:21:51,644 - INFO - Inserting: 1212 - 2024-11-14 04:50:52+00:00
2025-02-04 16:21:51,652 - INFO - Inserting: 1211 - 2024-11-14 04:50:52+00:00
2025-02-04 16:21:51,652 - INFO - Inserting: 1210 - 2024-11-14 04:50:51+00:00
2025-02-04 16:21:51,660 - INFO - Inserting: 1209 - 2024-11-14 04:50:51+00:00
2025-02-04 16:21:51,660 - INFO - Inserting: 1208 - 2024-11-10 16:55:02+00:00
2025-02-04 16:21:51,660 - INFO - Inserting: 1207 - 2024-11-10 14:59:30+00:00
2025-02-04 16:21:51,668 - INFO - Inserting: 1206 - 2024-11-06 06:36:27+00:00
2025-02-04 16:21:51,668 - INFO - Inserting: 1205 - 2024-11-06 06:36:12+00:00
2025-02-04 16:21:51,676 - INFO - Inserting: 1204 - 2024-11-06 06:36:12+00:00
2025-02-04 16:21:51,676 - INFO - Inserting: 1203 - 2024-11-05 09:55:49+00:00
2025-02-04 16:21:51,676 - INFO - Inserting: 1202 - 2024-10-30 08:21:08+00:00
2025-02-04 16:21:51,684 - INFO - Inserting: 1201 - 2024-10-30 08:21:01+00:00
2025-02-04 16:21:51,687 - INFO - Inserting: 1199 - 2024-10-27 17:10:42+00:00
2025-02-04 16:21:51,687 - INFO - Inserting: 1198 - 2024-10-27 16:54:13+00:00
2025-02-04 16:21:51,696 - INFO - Inserting: 1197 - 2024-10-27 15:36:41+00:00
2025-02-04 16:21:51,696 - INFO - Inserting: 1196 - 2024-10-27 15:32:28+00:00
2025-02-04 16:21:51,704 - INFO - Inserting: 1195 - 2024-10-27 15:05:49+00:00
2025-02-04 16:21:51,704 - INFO - Inserting: 1194 - 2024-10-27 15:00:03+00:00
2025-02-04 16:21:51,711 - INFO - Inserting: 1193 - 2024-10-24 04:16:30+00:00
2025-02-04 16:21:51,711 - INFO - Inserting: 1192 - 2024-10-24 04:16:29+00:00
2025-02-04 16:21:51,719 - INFO - Inserting: 1191 - 2024-10-23 02:00:16+00:00
2025-02-04 16:21:51,719 - INFO - Inserting: 1190 - 2024-10-21 04:48:03+00:00
2025-02-04 16:21:51,719 - INFO - Inserting: 1189 - 2024-10-21 04:48:02+00:00
2025-02-04 16:21:51,727 - INFO - Inserting: 1188 - 2024-10-21 04:48:02+00:00
2025-02-04 16:21:51,730 - INFO - Inserting: 1187 - 2024-10-21 04:48:01+00:00
2025-02-04 16:21:51,730 - INFO - Inserting: 1186 - 2024-10-20 16:11:08+00:00
2025-02-04 16:21:51,738 - INFO - Inserting: 1185 - 2024-10-20 13:23:41+00:00
2025-02-04 16:21:51,740 - INFO - Inserting: 1184 - 2024-10-16 18:43:58+00:00
2025-02-04 16:21:51,740 - INFO - Inserting: 1183 - 2024-10-16 18:43:57+00:00
2025-02-04 16:21:51,749 - INFO - Inserting: 1182 - 2024-10-16 15:22:55+00:00
2025-02-04 16:21:51,749 - INFO - Inserting: 1181 - 2024-10-06 16:26:40+00:00
2025-02-04 16:21:51,749 - INFO - Inserting: 1180 - 2024-10-06 15:03:40+00:00
2025-02-04 16:21:51,757 - INFO - Inserting: 1179 - 2024-10-06 14:58:28+00:00
2025-02-04 16:21:51,760 - INFO - Inserting: 1178 - 2024-10-04 13:14:17+00:00
2025-02-04 16:21:51,760 - INFO - Inserting: 1177 - 2024-10-04 13:14:17+00:00
2025-02-04 16:21:51,768 - INFO - Inserting: 1176 - 2024-10-04 13:14:16+00:00
2025-02-04 16:21:51,768 - INFO - Inserting: 1175 - 2024-10-04 13:14:16+00:00
2025-02-04 16:21:51,776 - INFO - Inserting: 1172 - 2024-10-03 05:09:38+00:00
2025-02-04 16:21:51,779 - INFO - Inserting: 1171 - 2024-10-03 05:09:38+00:00
2025-02-04 16:21:51,779 - INFO - Inserting: 1170 - 2024-10-02 10:33:05+00:00
2025-02-04 16:21:51,787 - INFO - Inserting: 1169 - 2024-10-02 07:04:03+00:00
2025-02-04 16:21:51,787 - INFO - Inserting: 1168 - 2024-09-25 06:38:30+00:00
2025-02-04 16:21:51,787 - INFO - Inserting: 1167 - 2024-09-25 06:38:30+00:00
2025-02-04 16:21:51,795 - INFO - Inserting: 1166 - 2024-09-25 06:38:29+00:00
2025-02-04 16:21:51,798 - INFO - Inserting: 1165 - 2024-09-25 06:38:29+00:00
2025-02-04 16:21:51,798 - INFO - Inserting: 1164 - 2024-09-25 06:38:28+00:00
2025-02-04 16:21:51,806 - INFO - Inserting: 1163 - 2024-09-23 08:09:39+00:00
2025-02-04 16:21:51,806 - INFO - Inserting: 1162 - 2024-09-23 08:09:39+00:00
2025-02-04 16:21:51,812 - INFO - Inserting: 1161 - 2024-09-23 08:09:38+00:00
2025-02-04 16:21:51,816 - INFO - Inserting: 1160 - 2024-09-11 07:46:56+00:00
2025-02-04 16:21:51,816 - INFO - Inserting: 1159 - 2024-09-04 19:09:47+00:00
2025-02-04 16:21:51,816 - INFO - Inserting: 1158 - 2024-09-04 19:09:46+00:00
2025-02-04 16:21:51,827 - INFO - Inserting: 1157 - 2024-08-26 17:29:14+00:00
2025-02-04 16:21:51,827 - INFO - Inserting: 1156 - 2024-08-21 21:45:26+00:00
2025-02-04 16:21:51,827 - INFO - Inserting: 1155 - 2024-08-21 10:20:11+00:00
2025-02-04 16:21:51,835 - INFO - Inserting: 1154 - 2024-08-21 10:20:11+00:00
2025-02-04 16:21:51,835 - INFO - Inserting: 1153 - 2024-08-21 10:20:10+00:00
2025-02-04 16:21:51,843 - INFO - Inserting: 1152 - 2024-08-21 10:20:09+00:00
2025-02-04 16:21:51,845 - INFO - Inserting: 1151 - 2024-08-21 10:20:09+00:00
2025-02-04 16:21:51,845 - INFO - Inserting: 1150 - 2024-08-19 16:25:15+00:00
2025-02-04 16:21:51,853 - INFO - Inserting: 1149 - 2024-08-19 16:25:15+00:00
2025-02-04 16:21:51,858 - INFO - Inserting: 1148 - 2024-08-19 16:24:22+00:00
2025-02-04 16:21:51,858 - INFO - Inserting: 1147 - 2024-08-19 16:22:35+00:00
2025-02-04 16:21:51,865 - INFO - Inserting: 1146 - 2024-08-19 16:19:25+00:00
2025-02-04 16:21:51,873 - INFO - Inserting: 1145 - 2024-08-19 16:19:25+00:00
2025-02-04 16:21:51,873 - INFO - Inserting: 2610 - 2025-02-03 09:34:16+00:00
2025-02-04 16:21:51,879 - INFO - Inserting: 2609 - 2025-02-01 07:37:50+00:00
2025-02-04 16:21:51,879 - INFO - Inserting: 2608 - 2025-02-01 07:18:21+00:00
2025-02-04 16:21:51,885 - INFO - Inserting: 2607 - 2025-01-31 13:45:58+00:00
2025-02-04 16:21:51,890 - INFO - Inserting: 2606 - 2025-01-31 12:31:56+00:00
2025-02-04 16:21:51,890 - INFO - Inserting: 2605 - 2025-01-31 11:58:34+00:00
2025-02-04 16:21:51,898 - INFO - Inserting: 2604 - 2025-01-31 09:01:14+00:00
2025-02-04 16:21:51,898 - INFO - Inserting: 2603 - 2025-01-30 12:42:18+00:00
2025-02-04 16:21:51,907 - INFO - Inserting: 2602 - 2025-01-30 12:17:14+00:00
2025-02-04 16:21:51,913 - INFO - Inserting: 2601 - 2025-01-30 09:57:21+00:00
2025-02-04 16:21:51,918 - INFO - Inserting: 2600 - 2025-01-29 17:00:02+00:00
2025-02-04 16:21:51,919 - INFO - Inserting: 2598 - 2025-01-29 12:34:11+00:00
2025-02-04 16:21:51,924 - INFO - Inserting: 2597 - 2025-01-27 11:01:51+00:00
2025-02-04 16:21:51,924 - INFO - Inserting: 2596 - 2025-01-26 13:17:46+00:00
2025-02-04 16:21:51,932 - INFO - Inserting: 2595 - 2025-01-26 13:17:40+00:00
2025-02-04 16:21:51,933 - INFO - Inserting: 2594 - 2025-01-25 08:37:18+00:00
2025-02-04 16:21:51,933 - INFO - Inserting: 2593 - 2025-01-24 14:09:14+00:00
2025-02-04 16:21:51,941 - INFO - Inserting: 2592 - 2025-01-24 08:49:19+00:00
2025-02-04 16:21:51,945 - INFO - Inserting: 2591 - 2025-01-23 07:31:53+00:00
2025-02-04 16:21:51,945 - INFO - Inserting: 2590 - 2025-01-22 05:45:11+00:00
2025-02-04 16:21:51,953 - INFO - Inserting: 2589 - 2025-01-21 08:20:09+00:00
2025-02-04 16:21:51,953 - INFO - Inserting: 2588 - 2025-01-20 16:48:10+00:00
2025-02-04 16:21:51,961 - INFO - Inserting: 2587 - 2025-01-20 06:39:24+00:00
2025-02-04 16:21:51,963 - INFO - Inserting: 2586 - 2025-01-20 06:38:55+00:00
2025-02-04 16:21:51,971 - INFO - Inserting: 2585 - 2025-01-20 06:38:42+00:00
2025-02-04 16:21:51,978 - INFO - Inserting: 2584 - 2025-01-19 10:52:45+00:00
2025-02-04 16:21:51,986 - INFO - Inserting: 2583 - 2025-01-19 10:48:03+00:00
2025-02-04 16:21:51,991 - INFO - Inserting: 2582 - 2025-01-19 09:59:28+00:00
2025-02-04 16:21:51,991 - INFO - Inserting: 2581 - 2025-01-19 09:27:42+00:00
2025-02-04 16:21:51,991 - INFO - Inserting: 2580 - 2025-01-18 12:41:52+00:00
2025-02-04 16:21:52,001 - INFO - Inserting: 2579 - 2025-01-17 13:12:09+00:00
2025-02-04 16:21:52,001 - INFO - Inserting: 2578 - 2025-01-16 06:10:26+00:00
2025-02-04 16:21:52,012 - INFO - Inserting: 2577 - 2025-01-13 06:20:54+00:00
2025-02-04 16:21:52,017 - INFO - Inserting: 2576 - 2025-01-13 05:50:10+00:00
2025-02-04 16:21:52,020 - INFO - Inserting: 2575 - 2025-01-12 16:35:19+00:00
2025-02-04 16:21:52,020 - INFO - Inserting: 2574 - 2025-01-10 08:07:35+00:00
2025-02-04 16:21:52,028 - INFO - Inserting: 2573 - 2025-01-10 05:58:04+00:00
2025-02-04 16:21:52,028 - INFO - Inserting: 2571 - 2025-01-10 05:53:11+00:00
2025-02-04 16:21:52,028 - INFO - Inserting: 2570 - 2025-01-09 16:33:26+00:00
2025-02-04 16:21:52,036 - INFO - Inserting: 2568 - 2025-01-09 16:05:33+00:00
2025-02-04 16:21:52,036 - INFO - Inserting: 2567 - 2025-01-08 17:50:22+00:00
2025-02-04 16:21:52,044 - INFO - Inserting: 2566 - 2025-01-06 15:02:11+00:00
2025-02-04 16:21:52,044 - INFO - Inserting: 2565 - 2025-01-05 05:06:39+00:00
2025-02-04 16:21:52,050 - INFO - Inserting: 2564 - 2025-01-03 13:33:09+00:00
2025-02-04 16:21:52,050 - INFO - Inserting: 2563 - 2025-01-02 05:58:30+00:00
2025-02-04 16:21:52,060 - INFO - Inserting: 2562 - 2025-01-01 09:06:03+00:00
2025-02-04 16:21:52,060 - INFO - Inserting: 2559 - 2024-12-31 21:34:28+00:00
2025-02-04 16:21:52,069 - INFO - Inserting: 2558 - 2024-12-31 10:22:34+00:00
2025-02-04 16:21:52,069 - INFO - Inserting: 2556 - 2024-12-31 09:47:56+00:00
2025-02-04 16:21:52,077 - INFO - Inserting: 2555 - 2024-12-31 09:17:37+00:00
2025-02-04 16:21:52,077 - INFO - Inserting: 2554 - 2024-12-31 09:11:31+00:00
2025-02-04 16:21:52,083 - INFO - Inserting: 2553 - 2024-12-26 13:09:58+00:00
2025-02-04 16:21:52,083 - INFO - Inserting: 2552 - 2024-12-26 10:20:47+00:00
2025-02-04 16:21:52,091 - INFO - Inserting: 2551 - 2024-12-26 08:25:04+00:00
2025-02-04 16:21:52,091 - INFO - Inserting: 2549 - 2024-12-25 11:55:35+00:00
2025-02-04 16:21:52,098 - INFO - Inserting: 2545 - 2024-12-24 08:53:28+00:00
2025-02-04 16:21:52,098 - INFO - Inserting: 2544 - 2024-12-23 12:44:50+00:00
2025-02-04 16:21:52,106 - INFO - Inserting: 2542 - 2024-12-23 12:25:26+00:00
2025-02-04 16:21:52,108 - INFO - Inserting: 2541 - 2024-12-23 09:21:42+00:00
2025-02-04 16:21:52,108 - INFO - Inserting: 2540 - 2024-12-23 09:20:43+00:00
2025-02-04 16:21:52,116 - INFO - Inserting: 2539 - 2024-12-23 06:11:00+00:00
2025-02-04 16:21:52,116 - INFO - Inserting: 2538 - 2024-12-21 07:47:34+00:00
2025-02-04 16:21:52,124 - INFO - Inserting: 2537 - 2024-12-20 06:29:07+00:00
2025-02-04 16:21:52,129 - INFO - Inserting: 2536 - 2024-12-19 08:44:45+00:00
2025-02-04 16:21:52,129 - INFO - Inserting: 2535 - 2024-12-18 19:52:29+00:00
2025-02-04 16:21:52,137 - INFO - Inserting: 2534 - 2024-12-18 10:38:35+00:00
2025-02-04 16:21:52,137 - INFO - Inserting: 2533 - 2024-12-17 20:15:57+00:00
2025-02-04 16:21:52,143 - INFO - Inserting: 2532 - 2024-12-17 07:24:52+00:00
2025-02-04 16:21:52,151 - INFO - Inserting: 2531 - 2024-12-17 06:19:22+00:00
2025-02-04 16:21:52,152 - INFO - Inserting: 2530 - 2024-12-17 06:14:10+00:00
2025-02-04 16:21:52,157 - INFO - Inserting: 2529 - 2024-12-14 09:43:06+00:00
2025-02-04 16:21:52,157 - INFO - Inserting: 2528 - 2024-12-13 12:44:14+00:00
2025-02-04 16:21:52,165 - INFO - Inserting: 2527 - 2024-12-13 12:05:32+00:00
2025-02-04 16:21:52,168 - INFO - Inserting: 2526 - 2024-12-13 11:11:34+00:00
2025-02-04 16:21:52,168 - INFO - Inserting: 2525 - 2024-12-13 11:09:41+00:00
2025-02-04 16:21:52,176 - INFO - Inserting: 2524 - 2024-12-10 04:59:56+00:00
2025-02-04 16:21:52,176 - INFO - Inserting: 2523 - 2024-12-09 18:40:09+00:00
2025-02-04 16:21:52,176 - INFO - Inserting: 2522 - 2024-12-09 15:11:11+00:00
2025-02-04 16:21:52,184 - INFO - Inserting: 2521 - 2024-12-09 15:11:11+00:00
2025-02-04 16:21:52,184 - INFO - Inserting: 2520 - 2024-12-09 15:11:11+00:00
2025-02-04 16:21:52,196 - INFO - Inserting: 2519 - 2024-12-09 07:54:33+00:00
2025-02-04 16:21:52,196 - INFO - Inserting: 2518 - 2024-12-09 07:05:17+00:00
2025-02-04 16:21:52,203 - INFO - Inserting: 2517 - 2024-12-08 22:26:14+00:00
2025-02-04 16:21:52,207 - INFO - Inserting: 2516 - 2024-12-08 19:30:01+00:00
2025-02-04 16:21:52,211 - INFO - Inserting: 2515 - 2024-12-08 18:07:24+00:00
2025-02-04 16:21:52,215 - INFO - Inserting: 2514 - 2024-12-08 14:47:59+00:00
2025-02-04 16:21:52,220 - INFO - Inserting: 2513 - 2024-12-07 04:26:19+00:00
2025-02-04 16:21:52,220 - INFO - Inserting: 2512 - 2024-12-06 14:55:02+00:00
2025-02-04 16:21:52,230 - INFO - Inserting: 2511 - 2024-12-06 14:54:50+00:00
2025-02-04 16:21:52,230 - INFO - Inserting: 2510 - 2024-12-04 10:16:05+00:00
2025-02-04 16:21:52,236 - INFO - Inserting: 2509 - 2024-12-04 08:47:44+00:00
2025-02-04 16:21:52,236 - INFO - Inserting: 2507 - 2024-12-04 08:45:41+00:00
2025-02-04 16:21:52,244 - INFO - Inserting: 2506 - 2024-12-02 08:21:54+00:00
2025-02-04 16:21:52,244 - INFO - Inserting: 2505 - 2024-12-01 16:13:30+00:00
2025-02-04 16:21:52,244 - INFO - Inserting: 2503 - 2024-11-29 07:44:13+00:00
2025-02-04 16:21:52,253 - INFO - Inserting: 2502 - 2024-11-29 07:44:13+00:00
2025-02-04 16:21:52,253 - INFO - Inserting: 2501 - 2024-11-29 07:44:13+00:00
2025-02-04 16:21:52,253 - INFO - Inserting: 2500 - 2024-11-28 13:24:29+00:00
2025-02-04 16:21:52,268 - INFO - Inserting: 2499 - 2024-11-28 09:34:47+00:00
2025-02-04 16:21:52,269 - INFO - Inserting: 2498 - 2024-11-28 09:32:49+00:00
2025-02-04 16:21:52,275 - INFO - ✅ 476 records inserted into PostgreSQL database.
